lerna(verbose) GitUtilities.isInitialized    ()
lerna(verbose) GitUtilities.isInitialized    () => true
lerna(verbose) GitUtilities.getTopLevelDirectory()
lerna(verbose) GitUtilities.getTopLevelDirectory() => "."
lerna(verbose) FileSystemUtilities.existsSync("./lerna.json")
lerna(verbose) FileSystemUtilities.existsSync("./lerna.json") => true
lerna(verbose) FileSystemUtilities.readFileSync("./lerna.json")
lerna(verbose) FileSystemUtilities.readFileSync("./lerna.json") => "{\n  \"lerna\": \"2.0.0-beta.32\",\n  \"packages\": [\n    \"packages/*\"\n  ],\n  \"version\": \"0.0.0\"\n}"
lerna(verbose) FileSystemUtilities.existsSync("./package.json")
lerna(verbose) FileSystemUtilities.existsSync("./package.json") => true
lerna(verbose) FileSystemUtilities.readFileSync("./package.json")
lerna(verbose) FileSystemUtilities.readFileSync("./package.json") => "{\n  \"name\": \"phenomic\",\n  \"version\": \"0.20.1\",\n  \"description\": \"Modern website generator based on the React and Webpack ecosystem.\",\n  \"keywords\": [\n    \"webpack\",\n    \"react\",\n    \"ssg\",\n    \"static\",\n    \"file\",\n    \"site\",\n    \"website\",\n    \"blog\",\n    \"generator\",\n    \"markdown\",\n    \"jekyll\",\n    \"wintersmith\",\n    \"blacksmith\",\n    \"metalsmith\",\n    \"gatsby\",\n    \"gatsbyjs\"\n  ],\n  \"author\": \"Maxime Thirouin\",\n  \"license\": \"MIT\",\n  \"homepage\": \"https://phenomic.io\",\n  \"repository\": \"https://github.com/MoOx/phenomic.git\",\n  \"main\": \"lib/index.js\",\n  \"files\": [\n    \"npm\",\n    \"lib\",\n    \"src\",\n    \"themes\",\n    \"docs/content\",\n    \"!**/__tests__\"\n  ],\n  \"bin\": {\n    \"phenomic\": \"npm/bin.js\"\n  },\n  \"engines\": {\n    \"node\": \">=4.2.0\",\n    \"npm\": \">=3.0.0\",\n    \"yarn\": \">=0.16.0\"\n  },\n  \"dependencies\": {\n    \"babel-polyfill\": \"^6.5.0\",\n    \"babel-register\": \"^6.6.5\",\n    \"chalk\": \"^1.1.0\",\n    \"classnames\": \"^2.2.3\",\n    \"connect-history-api-fallback\": \"^1.2.0\",\n    \"express\": \"^4.13.3\",\n    \"find-cache-dir\": \"^0.1.1\",\n    \"fs-extra\": \"^0.26.4\",\n    \"fs-promise\": \"^0.3.1\",\n    \"globby\": \"^6.0.0\",\n    \"gray-matter\": \"^2.0.0\",\n    \"hard-source-webpack-plugin\": \"^0.2.0\",\n    \"inquirer\": \"^1.0.0\",\n    \"loader-utils\": \"^0.2.11\",\n    \"log-symbols\": \"^1.0.2\",\n    \"lru-memoize\": \"^1.0.1\",\n    \"mkdirp\": \"^0.5.1\",\n    \"multili\": \"^1.0.1\",\n    \"node-object-hash\": \"^1.0.2\",\n    \"offline-plugin\": \"https://github.com/MoOx/offline-plugin#phenomic\",\n    \"opn\": \"^4.0.2\",\n    \"ora\": \"^0.3.0\",\n    \"pify\": \"^2.3.0\",\n    \"portfinder\": \"^1.0.2\",\n    \"react-router-scroll\": \"^0.3.2\",\n    \"redbox-react\": \"^1.2.2\",\n    \"remark\": \"^5.0.0\",\n    \"remark-autolink-headings\": \"^4.0.0\",\n    \"remark-highlight.js\": \"^4.0.0\",\n    \"remark-html\": \"^5.0.0\",\n    \"remark-slug\": \"^4.1.0\",\n    \"remark-toc\": \"^3.1.0\",\n    \"rimraf\": \"^2.4.2\",\n    \"rss\": \"^1.2.0\",\n    \"semver\": \"^5.3.0\",\n    \"simple-json-fetch\": \"^1.0.1\",\n    \"sitemap\": \"^1.8.2\",\n    \"source-map-support\": \"^0.4.0\",\n    \"strip-markdown\": \"^0.3.1\",\n    \"url-join\": \"^1.1.0\",\n    \"valid-url\": \"^1.0.9\",\n    \"webpack-dev-middleware\": \"^1.6.1\",\n    \"webpack-hot-middleware\": \"^2.12.2\",\n    \"webpack-sources\": \"^0.1.2\",\n    \"yargs\": \"^4.3.1\"\n  },\n  \"devDependencies\": {\n    \"babel-cli\": \"^6.14.0\",\n    \"babel-core\": \"^6.14.0\",\n    \"babel-eslint\": \"^7.0.0\",\n    \"babel-jest\": \"^17.0.0\",\n    \"babel-loader\": \"^6.2.9\",\n    \"babel-plugin-flow-react-proptypes\": \"^0.10.1\",\n    \"babel-plugin-istanbul\": \"^2.0.0\",\n    \"babel-plugin-transform-async-to-generator\": \"^6.16.0\",\n    \"babel-plugin-transform-object-rest-spread\": \"^6.20.2\",\n    \"babel-preset-es2015\": \"^6.18.0\",\n    \"babel-preset-latest\": \"^6.14.0\",\n    \"babel-preset-react\": \"^6.11.1\",\n    \"babel-preset-stage-1\": \"^6.13.0\",\n    \"cmd-shim\": \"^2.0.2\",\n    \"coveralls\": \"^2.11.8\",\n    \"cp-cli\": \"^1.0.2\",\n    \"cross-env\": \"^2.0.0\",\n    \"eslint\": \"^3.7.1\",\n    \"eslint-config-i-am-meticulous\": \"^5.0.2\",\n    \"eslint-loader\": \"^1.5.0\",\n    \"eslint-plugin-flow-vars\": \"^0.5.0\",\n    \"eslint-plugin-import\": \"^2.0.0\",\n    \"eslint-plugin-react\": \"^6.4.0\",\n    \"exec-cmd\": \"^2.0.1\",\n    \"expect\": \"^1.13.4\",\n    \"expect-jsx\": \"^2.2.1\",\n    \"flow-bin\": \"^0.32.0\",\n    \"jest\": \"^16.0.2\",\n    \"jest-ava-api\": \"^0.1.0\",\n    \"js-beautify\": \"^1.5.10\",\n    \"jsdom\": \"^9.2.0\",\n    \"lerna\": \"2.0.0-beta.32\",\n    \"lnfs\": \"^3.0.0\",\n    \"mock-fs\": \"^3.9.0\",\n    \"npm-run-all\": \"^3.0.0\",\n    \"npmpub\": \"^3.0.0\",\n    \"react\": \"^15.0.0-rc.1\",\n    \"react-addons-test-utils\": \"^15.0.0-rc.1\",\n    \"react-dom\": \"^15.0.0-rc.1\",\n    \"react-helmet\": \"^3.0.0\",\n    \"react-redux\": \"^4.0.0\",\n    \"react-router\": \"^2.3.0\",\n    \"react-test-renderer\": \"^15.3.2\",\n    \"redux\": \"^3.0.0\",\n    \"stylelint\": \"^7.2.0\",\n    \"stylelint-config-standard\": \"^13.0.0\",\n    \"suppose\": \"^0.6.1\",\n    \"webpack\": \"^1.11.0\"\n  },\n  \"peerDependencies\": {\n    \"babel-cli\": \"^6.14.0\",\n    \"babel-core\": \"^6.14.0\",\n    \"extract-text-webpack-plugin\": \"^1.0.1 || ^2.0.0-beta.4\",\n    \"history\": \"^2.0.0\",\n    \"react\": \"^0.14.0 || ^15.0.0-rc.1\",\n    \"react-dom\": \"^0.14.0 || ^15.0.0-rc.1\",\n    \"react-helmet\": \"^3.0.0\",\n    \"react-redux\": \"^4.0.0\",\n    \"react-router\": \"^2.3.0\",\n    \"redux\": \"^3.0.0\",\n    \"webpack\": \"^1.11.0 || ^2.1.0-beta.25\"\n  },\n  \"scripts\": {\n    \"next:build\": \"lerna --ignore '*-docs' exec -- babel src --optional runtime --out-dir lib --ignore '__tests__'\",\n    \"postinstall\": \"node npm/postinstall.js\",\n    \"transpile\": \"babel --ignore __tests__ --copy-files src --out-dir lib\",\n    \"prepublish\": \"rimraf lib && npm run transpile\",\n    \"#lint:js:eslint\": \"https://github.com/eslint/eslint/issues/5679\",\n    \"lint:js:eslint\": \"eslint --ignore-path .gitignore --fix src scripts npm __tests__\",\n    \"lint:js:flow\": \"flow check\",\n    \"lint:js\": \"npm-run-all --parallel lint:js:*\",\n    \"lint\": \"npm-run-all --parallel lint:*\",\n    \"tests\": \"cross-env TESTING=1 jest --runInBand --coverage src\",\n    \"e2e:tests\": \"jest --runInBand --forceExit e2e-tests\",\n    \"phenomic-theme-base-linting\": \"eslint --config package.json --ignore-path .gitignore --fix themes/phenomic-theme-base/scripts themes/phenomic-theme-base/src\",\n    \"phenomic-theme-base-start\": \"cd themes/phenomic-theme-base && npm start\",\n    \"test-setup\": \"cd test-setup && npm test\",\n    \"docs-linting\": \"eslint --ignore-path .gitignore --fix docs/scripts docs/src\",\n    \"docs-webpack-2\": \"npm install webpack@^2.1.0-beta.27 && cd docs && npm install extract-text-webpack-plugin@^2.0.0-beta.4\",\n    \"docs-webpack-2-reset\": \"npm install webpack@^1.11.0 && cd docs && npm install extract-text-webpack-plugin@^1.0.1\",\n    \"pretest-docs\": \"npm run docs-linting\",\n    \"test-docs\": \"cd docs && npm test\",\n    \"docs-start\": \"cd docs && npm start\",\n    \"predocs-deploy\": \"cd docs && npm run showcase-screenshots\",\n    \"docs-deploy\": \"cd docs && npm run build && cd .. && npm run themes:prepare\",\n    \"postdocs-deploy\": \"cd docs && ./scripts/deploy.sh\",\n    \"themes:prepare\": \"cd themes/phenomic-theme-base && npm run build\",\n    \"postthemes:prepare\": \"cp-cli themes/phenomic-theme-base/dist docs/dist/themes/base/demo\",\n    \"pretest\": \"npm run transpile && npm run lint\",\n    \"test\": \"npm run tests && npm run phenomic-theme-base-linting && npm run test-setup && npm run e2e:tests\",\n    \"posttest\": \"npm run test-docs\",\n    \"coverage\": \"cat ./coverage/lcov.info | coveralls\",\n    \"cleanup\": \"rimraf yarn.lock docs/yarn.lock themes/phenomic-theme-base/yarn.lock node_modules docs/node_modules themes/phenomic-theme-base/node_modules test-setup\",\n    \"release\": \"npmpub\",\n    \"postrelease\": \"npm run docs-deploy\"\n  },\n  \"babel\": {\n    \"presets\": [\n      \"babel-preset-latest\",\n      \"babel-preset-stage-1\",\n      \"babel-preset-react\"\n    ],\n    \"plugins\": [\n      \"babel-plugin-flow-react-proptypes\",\n      \"transform-runtime\"\n    ]\n  },\n  \"eslintConfig\": {\n    \"root\": true,\n    \"parser\": \"babel-eslint\",\n    \"extends\": [\n      \"eslint-config-i-am-meticulous/react-flow\"\n    ],\n    \"env\": {\n      \"jest\": true\n    },\n    \"rules\": {\n      \"import/max-dependencies\": [\n        2,\n        {\n          \"max\": 20\n        }\n      ],\n      \"import/no-extraneous-dependencies\": 0,\n      \"import/no-unresolved\": 0\n    }\n  },\n  \"#eslintConfig/rules/import/no-extraneous-dependencies\": \"phenomic usage in theme is not specified in package.json (and can't be for now)\",\n  \"#eslintConfig/rules/import/no-unresolved\": \"deps in docs & theme are installed after the lint step\",\n  \"stylelint\": {\n    \"extends\": \"stylelint-config-standard\",\n    \"rules\": {\n      \"block-no-empty\": null,\n      \"comment-empty-line-before\": null,\n      \"comment-whitespace-inside\": null,\n      \"selector-pseudo-class-no-unknown\": null\n    }\n  },\n  \"jest\": {\n    \"testEnvironment\": \"node\",\n    \"notify\": true,\n    \"coverageThreshold\": {\n      \"global\": {\n        \"statements\": 80,\n        \"branches\": 75,\n        \"functions\": 75,\n        \"lines\": 80\n      }\n    },\n    \"preprocessorIgnorePatterns\": [\n      \"node_modules\"\n    ],\n    \"testPathIgnorePatterns\": [\n      \"/utils/\",\n      \"/fixtures/\",\n      \"/results/\",\n      \"/stub/\",\n      \"/_output/\"\n    ]\n  }\n}"
lerna(info)    Lerna v2.0.0-beta.32
lerna(verbose) FileSystemUtilities.existsSync("./package.json")
lerna(verbose) FileSystemUtilities.existsSync("./package.json") => true
lerna(verbose) FileSystemUtilities.existsSync("./lerna.json")
lerna(verbose) FileSystemUtilities.existsSync("./lerna.json") => true
lerna(verbose) FileSystemUtilities.existsSync("./VERSION")
lerna(verbose) FileSystemUtilities.existsSync("./VERSION") => false
lerna(info)    Ignoring packages that match '*-docs'
lerna(verbose) FileSystemUtilities.existsSync("./packages/phenomic-api-client/package.json")
lerna(verbose) FileSystemUtilities.existsSync("./packages/phenomic-api-client/package.json") => true
lerna(verbose) FileSystemUtilities.existsSync("./packages/phenomic-cli/package.json")
lerna(verbose) FileSystemUtilities.existsSync("./packages/phenomic-cli/package.json") => true
lerna(verbose) FileSystemUtilities.existsSync("./packages/phenomic-docs/package.json")
lerna(verbose) FileSystemUtilities.existsSync("./packages/phenomic-docs/package.json") => true
lerna(verbose) FileSystemUtilities.existsSync("./packages/phenomic-plugin-api-related-content/package.json")
lerna(verbose) FileSystemUtilities.existsSync("./packages/phenomic-plugin-api-related-content/package.json") => true
lerna(verbose) FileSystemUtilities.existsSync("./packages/phenomic-plugin-directory-collector/package.json")
lerna(verbose) FileSystemUtilities.existsSync("./packages/phenomic-plugin-directory-collector/package.json") => true
lerna(verbose) FileSystemUtilities.existsSync("./packages/phenomic-plugin-rss-feed/package.json")
lerna(verbose) FileSystemUtilities.existsSync("./packages/phenomic-plugin-rss-feed/package.json") => true
lerna(verbose) FileSystemUtilities.existsSync("./packages/phenomic-plugin-sitemap/package.json")
lerna(verbose) FileSystemUtilities.existsSync("./packages/phenomic-plugin-sitemap/package.json") => true
lerna(verbose) FileSystemUtilities.existsSync("./packages/phenomic-plugin-transform-json/package.json")
lerna(verbose) FileSystemUtilities.existsSync("./packages/phenomic-plugin-transform-json/package.json") => true
lerna(verbose) FileSystemUtilities.existsSync("./packages/phenomic-plugin-transform-markdown/package.json")
lerna(verbose) FileSystemUtilities.existsSync("./packages/phenomic-plugin-transform-markdown/package.json") => true
lerna(verbose) FileSystemUtilities.existsSync("./packages/phenomic-preset-default/package.json")
lerna(verbose) FileSystemUtilities.existsSync("./packages/phenomic-preset-default/package.json") => true
lerna(verbose) FileSystemUtilities.existsSync("./packages/phenomic-react/package.json")
lerna(verbose) FileSystemUtilities.existsSync("./packages/phenomic-react/package.json") => true
lerna(verbose) FileSystemUtilities.existsSync("./packages/phenomic-webpack/package.json")
lerna(verbose) FileSystemUtilities.existsSync("./packages/phenomic-webpack/package.json") => true
lerna(verbose) FileSystemUtilities.existsSync("./packages/phenomic/package.json")
lerna(verbose) FileSystemUtilities.existsSync("./packages/phenomic/package.json") => true
lerna(verbose) Attempting running ExecCommand.initialize
lerna(verbose) Successfully ran ExecCommand.initialize
lerna(verbose) Attempting running ExecCommand.execute
lerna(error)   Errored while running command 'babel' with arguments 'src --optional runtime --out-dir lib --ignore __tests__' in 'phenomic-api-client'
lerna(error)   Errored while running ExecCommand.execute
    Command failed: babel src --optional runtime --out-dir lib --ignore __tests__
